-------------------------------------------------------------------------------
Test set: TestSuite
-------------------------------------------------------------------------------
Tests run: 8, Failures: 6, Errors: 0, Skipped: 2, Time elapsed: 358.089 s <<< FAILURE! - in TestSuite
com.awt.test.Home.VerifyPanelsQuantityTest.verfiyPanelsQuantityTest  Time elapsed: 5.559 s  <<< FAILURE!
java.lang.NumberFormatException: For input string: ""
	at com.awt.test.Home.VerifyPanelsQuantityTest.verfiyPanelsQuantityTest(VerifyPanelsQuantityTest.java:38)

com.awt.test.Oms_Add.VerifyOmsAddingFunctionalityTest.verfiyOmsAddingFunctionalityTest  Time elapsed: 10.341 s  <<< FAILURE!
org.openqa.selenium.NoSuchElementException: 
no such element: Unable to locate element: {"method":"xpath","selector":"//label[contains(text(),'OMS Area  (Ha) *')]/following-sibling::input"}
  (Session info: chrome=125.0.6422.142)
For documentation on this error, please visit: https://www.selenium.dev/documentation/webdriver/troubleshooting/errors#no-such-element-exception
Build info: version: '4.17.0', revision: 'e52b1be057*'
System info: os.name: 'Windows 11', os.arch: 'amd64', os.version: '10.0', java.version: '17.0.10'
Driver info: org.openqa.selenium.chrome.ChromeDriver
Command: [93fb8da9eaae056bcb405b917b85cd2e, findElement {value=//label[contains(text(),'OMS Area  (Ha) *')]/following-sibling::input, using=xpath}]
Capabilities {acceptInsecureCerts: false, browserName: chrome, browserVersion: 125.0.6422.142, chrome: {chromedriverVersion: 125.0.6422.141 (4b1e8393712..., userDataDir: C:\Windows\SystemTemp\scope...}, fedcm:accounts: true, goog:chromeOptions: {debuggerAddress: localhost:58331}, networkConnectionEnabled: false, pageLoadStrategy: normal, platformName: windows, proxy: Proxy(), se:cdp: ws://localhost:58331/devtoo..., se:cdpVersion: 125.0.6422.142, setWindowRect: true, strictFileInteractability: false, timeouts: {implicit: 0, pageLoad: 300000, script: 30000}, unhandledPromptBehavior: dismiss and notify, webauthn:extension:credBlob: true, webauthn:extension:largeBlob: true, webauthn:extension:minPinLength: true, webauthn:extension:prf: true, webauthn:virtualAuthenticators: true}
Session ID: 93fb8da9eaae056bcb405b917b85cd2e
	at com.awt.test.Oms_Add.VerifyOmsAddingFunctionalityTest.verfiyOmsAddingFunctionalityTest(VerifyOmsAddingFunctionalityTest.java:46)

com.awt.test.Login.VerifyLogInFunctionalityTest.verifyLogInFunctionalityTest  Time elapsed: 65.099 s  <<< FAILURE!
java.lang.AssertionError: 
The following asserts failed:
	expected [WELCOME TO NARMADA KSHIPRA MULTIPURPOSE PROJECT] but found [null]
	at com.awt.test.Login.VerifyLogInFunctionalityTest.verifyLogInFunctionalityTest(VerifyLogInFunctionalityTest.java:46)

com.awt.test.Login.VerifyLogInFunctionalityTest.verifyLogInCredentialsTest[default, AWT, AWTScada#@2023](1)  Time elapsed: 95.331 s  <<< FAILURE!
java.lang.AssertionError: 
The following asserts failed:
	expected [WELCOME TO NARMADA KSHIPRA MULTIPURPOSE PROJECT] but found [null]
	at com.awt.test.Login.VerifyLogInFunctionalityTest.verifyLogInCredentialsTest(VerifyLogInFunctionalityTest.java:67)

com.awt.test.Login.VerifyLogInFunctionalityTest.verifyLogInCredentialsTest[290, Admin, AdminScada#@2023](2)  Time elapsed: 95.244 s  <<< FAILURE!
java.lang.AssertionError: 
The following asserts failed:
	expected [WELCOME TO NARMADA KSHIPRA MULTIPURPOSE PROJECT] but found [null]
	at com.awt.test.Login.VerifyLogInFunctionalityTest.verifyLogInCredentialsTest(VerifyLogInFunctionalityTest.java:67)

com.awt.test.Login.VerifyLogInFunctionalityTest.verifyLogInCredentialsTest[290, OperatorÂ , OperatorScada#@2023](3)  Time elapsed: 95.988 s  <<< FAILURE!
java.lang.AssertionError: 
The following asserts failed:
	expected [WELCOME TO NARMADA KSHIPRA MULTIPURPOSE PROJECT] but found [null]
	at com.awt.test.Login.VerifyLogInFunctionalityTest.verifyLogInCredentialsTest(VerifyLogInFunctionalityTest.java:67)

