<html>
<head>
<title>TestNG:  Test</title>
<link href="../testng.css" rel="stylesheet" type="text/css" />
<link href="../my-testng.css" rel="stylesheet" type="text/css" />

<style type="text/css">
.log { display: none;} 
.stack-trace { display: none;} 
</style>
<script type="text/javascript">
<!--
function flip(e) {
  current = e.style.display;
  if (current == 'block') {
    e.style.display = 'none';
    return 0;
  }
  else {
    e.style.display = 'block';
    return 1;
  }
}

function toggleBox(szDivId, elem, msg1, msg2)
{
  var res = -1;  if (document.getElementById) {
    res = flip(document.getElementById(szDivId));
  }
  else if (document.all) {
    // this is the way old msie versions work
    res = flip(document.all[szDivId]);
  }
  if(elem) {
    if(res == 0) elem.innerHTML = msg1; else elem.innerHTML = msg2;
  }

}

function toggleAllBoxes() {
  if (document.getElementsByTagName) {
    d = document.getElementsByTagName('div');
    for (i = 0; i < d.length; i++) {
      if (d[i].className == 'log') {
        flip(d[i]);
      }
    }
  }
}

// -->
</script>

</head>
<body>
<h2 align='center'>Test</h2><table border='1' align="center">
<tr>
<td>Tests passed/Failed/Skipped:</td><td>0/1/0</td>
</tr><tr>
<td>Started on:</td><td>Thu Jul 25 17:04:53 IST 2024</td>
</tr>
<tr><td>Total time:</td><td>96 seconds (96850 ms)</td>
</tr><tr>
<td>Included groups:</td><td></td>
</tr><tr>
<td>Excluded groups:</td><td></td>
</tr>
</table><p/>
<small><i>(Hover the method name to see the test class name)</i></small><p/>
<table width='100%' border='1' class='invocation-failed'>
<tr><td colspan='4' align='center'><b>FAILED TESTS</b></td></tr>
<tr><td><b>Test method</b></td>
<td width="30%"><b>Exception</b></td>
<td width="10%"><b>Time (seconds)</b></td>
<td><b>Instance</b></td>
</tr>
<tr>
<td title='com.awt.test.Admin.CreateProject.AdminCreatePageTest.verify_NewProjectDetailsPanel()'><b>verify_NewProjectDetailsPanel</b><br>Test class: com.awt.test.Admin.CreateProject.AdminCreatePageTest</td>
<td><div><pre>java.lang.AssertionError: The following asserts failed:
	did not expect [Acmo12!] but found [Acmo12!],
	did not expect [AXv2jZOs2RBCd6tFlrDyMo4oMtOfrcCfBcHGjCd8mFymbyNK0qeUCQB3Cii4RvAyuk3RtzYtGoN3gALKS2Wg8qhT2XtEjHJa85mvY] but found [AXv2jZOs2RBCd6tFlrDyMo4oMtOfrcCfBcHGjCd8mFymbyNK0qeUCQB3Cii4RvAyuk3RtzYtGoN3gALKS2Wg8qhT2XtEjHJa85mvY],
	did not expect [Vandana C] but found [Vandana C],
	did not expect [o9dG3#$] but found [o9dG3#$],
	did not expect [LUbqGcOzXWvYVuNVaOqrQZaDhwseXnRsaFM] but found [LUbqGcOzXWvYVuNVaOqrQZaDhwseXnRsaFM],
	did not expect [lVCsN12] but found [lVCsN12],
	did not expect [OutGvZkTTqPtPcuxoNoBXMncqzEBhJxKupe] but found [OutGvZkTTqPtPcuxoNoBXMncqzEBhJxKupe],
	did not expect [SCW48AhXE5lA2XdmW] but found [SCW48AhXE5lA2XdmW],
	did not expect [tcKybfGvpvZHZYWmhR] but found [tcKybfGvpvZHZYWmhR],
	did not expect [MCRUWASucnXg&amp;@] but found [MCRUWASucnXg&amp;@],
	did not expect [S] but found [S],
	did not expect [Py4OFK0aeKGb6qOs] but found [Py4OFK0aeKGb6qOs],
	did not expect [DTZZBACU] but found [DTZZBACU],
	did not expect [ankit123!] but found [ankit123!],
	expected [-235] but found [252 days]
	at com.awt.utills.reusablecomponents.SoftAssertTest.assertAll(SoftAssertTest.java:212)
	at com.awt.test.Admin.CreateProject.AdminCreatePageTest.verify_NewProjectDetailsPanel(AdminCreatePageTest.java:480)
	at java.base/java.util.concurrent.ThreadPoolExecutor.runWorker(ThreadPoolExecutor.java:1136)
	at java.base/java.util.concurrent.ThreadPoolExecutor$Worker.run(ThreadPoolExecutor.java:635)
	at java.base/java.lang.Thread.run(Thread.java:842)
... Removed 14 stack frames</pre></div><a href='#' onClick='toggleBox("stack-trace231037656", this, "Click to show all stack frames", "Click to hide stack frames")'>Click to show all stack frames</a>
<div class='stack-trace' id='stack-trace231037656'><pre>java.lang.AssertionError: The following asserts failed:
	did not expect [Acmo12!] but found [Acmo12!],
	did not expect [AXv2jZOs2RBCd6tFlrDyMo4oMtOfrcCfBcHGjCd8mFymbyNK0qeUCQB3Cii4RvAyuk3RtzYtGoN3gALKS2Wg8qhT2XtEjHJa85mvY] but found [AXv2jZOs2RBCd6tFlrDyMo4oMtOfrcCfBcHGjCd8mFymbyNK0qeUCQB3Cii4RvAyuk3RtzYtGoN3gALKS2Wg8qhT2XtEjHJa85mvY],
	did not expect [Vandana C] but found [Vandana C],
	did not expect [o9dG3#$] but found [o9dG3#$],
	did not expect [LUbqGcOzXWvYVuNVaOqrQZaDhwseXnRsaFM] but found [LUbqGcOzXWvYVuNVaOqrQZaDhwseXnRsaFM],
	did not expect [lVCsN12] but found [lVCsN12],
	did not expect [OutGvZkTTqPtPcuxoNoBXMncqzEBhJxKupe] but found [OutGvZkTTqPtPcuxoNoBXMncqzEBhJxKupe],
	did not expect [SCW48AhXE5lA2XdmW] but found [SCW48AhXE5lA2XdmW],
	did not expect [tcKybfGvpvZHZYWmhR] but found [tcKybfGvpvZHZYWmhR],
	did not expect [MCRUWASucnXg&amp;@] but found [MCRUWASucnXg&amp;@],
	did not expect [S] but found [S],
	did not expect [Py4OFK0aeKGb6qOs] but found [Py4OFK0aeKGb6qOs],
	did not expect [DTZZBACU] but found [DTZZBACU],
	did not expect [ankit123!] but found [ankit123!],
	expected [-235] but found [252 days]
	at org.testng.asserts.SoftAssert.assertAll(SoftAssert.java:47)
	at org.testng.asserts.SoftAssert.assertAll(SoftAssert.java:31)
	at com.awt.utills.reusablecomponents.SoftAssertTest.assertAll(SoftAssertTest.java:212)
	at com.awt.test.Admin.CreateProject.AdminCreatePageTest.verify_NewProjectDetailsPanel(AdminCreatePageTest.java:480)
	at java.base/jdk.internal.reflect.NativeMethodAccessorImpl.invoke0(Native Method)
	at java.base/jdk.internal.reflect.NativeMethodAccessorImpl.invoke(NativeMethodAccessorImpl.java:77)
	at java.base/jdk.internal.reflect.DelegatingMethodAccessorImpl.invoke(DelegatingMethodAccessorImpl.java:43)
	at java.base/java.lang.reflect.Method.invoke(Method.java:568)
	at org.testng.internal.MethodInvocationHelper.invokeMethod(MethodInvocationHelper.java:133)
	at org.testng.internal.TestInvoker.invokeMethod(TestInvoker.java:598)
	at org.testng.internal.TestInvoker.invokeTestMethod(TestInvoker.java:173)
	at org.testng.internal.MethodRunner.runInSequence(MethodRunner.java:46)
	at org.testng.internal.TestInvoker$MethodInvocationAgent.invoke(TestInvoker.java:824)
	at org.testng.internal.TestInvoker.invokeTestMethods(TestInvoker.java:146)
	at org.testng.internal.TestMethodWorker.invokeTestMethods(TestMethodWorker.java:146)
	at org.testng.internal.TestMethodWorker.run(TestMethodWorker.java:128)
	at java.base/java.util.concurrent.ThreadPoolExecutor.runWorker(ThreadPoolExecutor.java:1136)
	at java.base/java.util.concurrent.ThreadPoolExecutor$Worker.run(ThreadPoolExecutor.java:635)
	at java.base/java.lang.Thread.run(Thread.java:842)
</pre></div></td>
<td>91</td>
<td>com.awt.test.Admin.CreateProject.AdminCreatePageTest@6ae5aa72</td></tr>
</table><p>
</body>
</html>