<?xml version="1.0" encoding="UTF-8"?>
<testng-results ignored="1" total="2" passed="0" failed="1" skipped="0">
  <reporter-output>
  </reporter-output>
  <suite started-at="2024-07-25T17:04:53 IST" name="Demo" finished-at="2024-07-25T17:06:30 IST" duration-ms="96850">
    <groups>
      <group name="Functional">
        <method signature="AdminCreatePageTest.verify_NewProjectDetailsPanel()[pri:0, instance:com.awt.test.Admin.CreateProject.AdminCreatePageTest@6ae5aa72]" name="verify_NewProjectDetailsPanel" class="com.awt.test.Admin.CreateProject.AdminCreatePageTest"/>
      </group> <!-- Functional -->
      <group name="Admin">
        <method signature="AdminCreatePageTest.verify_NewProjectDetailsPanel()[pri:0, instance:com.awt.test.Admin.CreateProject.AdminCreatePageTest@6ae5aa72]" name="verify_NewProjectDetailsPanel" class="com.awt.test.Admin.CreateProject.AdminCreatePageTest"/>
      </group> <!-- Admin -->
    </groups>
    <test started-at="2024-07-25T17:04:53 IST" name="Test" finished-at="2024-07-25T17:06:30 IST" duration-ms="96850">
      <class name="com.awt.test.Admin.CreateProject.AdminCreatePageTest">
        <test-method is-config="true" signature="launchBrowser(java.lang.String)[pri:0, instance:com.awt.test.Admin.CreateProject.AdminCreatePageTest@6ae5aa72]" started-at="2024-07-25T17:04:53 IST" name="launchBrowser" finished-at="2024-07-25T17:04:57 IST" duration-ms="4425" status="PASS">
          <params>
            <param index="0">
              <value>
                <![CDATA[0]]>
              </value>
            </param>
          </params>
          <reporter-output>
          </reporter-output>
        </test-method> <!-- launchBrowser -->
        <test-method signature="verify_NewProjectDetailsPanel()[pri:0, instance:com.awt.test.Admin.CreateProject.AdminCreatePageTest@6ae5aa72]" started-at="2024-07-25T17:04:57 IST" name="verify_NewProjectDetailsPanel" finished-at="2024-07-25T17:06:29 IST" duration-ms="91374" status="FAIL">
          <exception class="java.lang.AssertionError">
            <message>
              <![CDATA[The following asserts failed:
did not expect [Acmo12!] but found [Acmo12!],
did not expect [AXv2jZOs2RBCd6tFlrDyMo4oMtOfrcCfBcHGjCd8mFymbyNK0qeUCQB3Cii4RvAyuk3RtzYtGoN3gALKS2Wg8qhT2XtEjHJa85mvY] but found [AXv2jZOs2RBCd6tFlrDyMo4oMtOfrcCfBcHGjCd8mFymbyNK0qeUCQB3Cii4RvAyuk3RtzYtGoN3gALKS2Wg8qhT2XtEjHJa85mvY],
did not expect [Vandana C] but found [Vandana C],
did not expect [o9dG3#$] but found [o9dG3#$],
did not expect [LUbqGcOzXWvYVuNVaOqrQZaDhwseXnRsaFM] but found [LUbqGcOzXWvYVuNVaOqrQZaDhwseXnRsaFM],
did not expect [lVCsN12] but found [lVCsN12],
did not expect [OutGvZkTTqPtPcuxoNoBXMncqzEBhJxKupe] but found [OutGvZkTTqPtPcuxoNoBXMncqzEBhJxKupe],
did not expect [SCW48AhXE5lA2XdmW] but found [SCW48AhXE5lA2XdmW],
did not expect [tcKybfGvpvZHZYWmhR] but found [tcKybfGvpvZHZYWmhR],
did not expect [MCRUWASucnXg&@] but found [MCRUWASucnXg&@],
did not expect [S] but found [S],
did not expect [Py4OFK0aeKGb6qOs] but found [Py4OFK0aeKGb6qOs],
did not expect [DTZZBACU] but found [DTZZBACU],
did not expect [ankit123!] but found [ankit123!],
expected [-235] but found [252 days]]]>
            </message>
            <full-stacktrace>
              <![CDATA[java.lang.AssertionError: The following asserts failed:
did not expect [Acmo12!] but found [Acmo12!],
did not expect [AXv2jZOs2RBCd6tFlrDyMo4oMtOfrcCfBcHGjCd8mFymbyNK0qeUCQB3Cii4RvAyuk3RtzYtGoN3gALKS2Wg8qhT2XtEjHJa85mvY] but found [AXv2jZOs2RBCd6tFlrDyMo4oMtOfrcCfBcHGjCd8mFymbyNK0qeUCQB3Cii4RvAyuk3RtzYtGoN3gALKS2Wg8qhT2XtEjHJa85mvY],
did not expect [Vandana C] but found [Vandana C],
did not expect [o9dG3#$] but found [o9dG3#$],
did not expect [LUbqGcOzXWvYVuNVaOqrQZaDhwseXnRsaFM] but found [LUbqGcOzXWvYVuNVaOqrQZaDhwseXnRsaFM],
did not expect [lVCsN12] but found [lVCsN12],
did not expect [OutGvZkTTqPtPcuxoNoBXMncqzEBhJxKupe] but found [OutGvZkTTqPtPcuxoNoBXMncqzEBhJxKupe],
did not expect [SCW48AhXE5lA2XdmW] but found [SCW48AhXE5lA2XdmW],
did not expect [tcKybfGvpvZHZYWmhR] but found [tcKybfGvpvZHZYWmhR],
did not expect [MCRUWASucnXg&@] but found [MCRUWASucnXg&@],
did not expect [S] but found [S],
did not expect [Py4OFK0aeKGb6qOs] but found [Py4OFK0aeKGb6qOs],
did not expect [DTZZBACU] but found [DTZZBACU],
did not expect [ankit123!] but found [ankit123!],
expected [-235] but found [252 days]
at org.testng.asserts.SoftAssert.assertAll(SoftAssert.java:47)
at org.testng.asserts.SoftAssert.assertAll(SoftAssert.java:31)
at com.awt.utills.reusablecomponents.SoftAssertTest.assertAll(SoftAssertTest.java:212)
at com.awt.test.Admin.CreateProject.AdminCreatePageTest.verify_NewProjectDetailsPanel(AdminCreatePageTest.java:480)
at java.base/jdk.internal.reflect.NativeMethodAccessorImpl.invoke0(Native Method)
at java.base/jdk.internal.reflect.NativeMethodAccessorImpl.invoke(NativeMethodAccessorImpl.java:77)
at java.base/jdk.internal.reflect.DelegatingMethodAccessorImpl.invoke(DelegatingMethodAccessorImpl.java:43)
at java.base/java.lang.reflect.Method.invoke(Method.java:568)
at org.testng.internal.MethodInvocationHelper.invokeMethod(MethodInvocationHelper.java:133)
at org.testng.internal.TestInvoker.invokeMethod(TestInvoker.java:598)
at org.testng.internal.TestInvoker.invokeTestMethod(TestInvoker.java:173)
at org.testng.internal.MethodRunner.runInSequence(MethodRunner.java:46)
at org.testng.internal.TestInvoker$MethodInvocationAgent.invoke(TestInvoker.java:824)
at org.testng.internal.TestInvoker.invokeTestMethods(TestInvoker.java:146)
at org.testng.internal.TestMethodWorker.invokeTestMethods(TestMethodWorker.java:146)
at org.testng.internal.TestMethodWorker.run(TestMethodWorker.java:128)
at java.base/java.util.concurrent.ThreadPoolExecutor.runWorker(ThreadPoolExecutor.java:1136)
at java.base/java.util.concurrent.ThreadPoolExecutor$Worker.run(ThreadPoolExecutor.java:635)
at java.base/java.lang.Thread.run(Thread.java:842)
]]>
            </full-stacktrace>
          </exception> <!-- java.lang.AssertionError -->
          <reporter-output>
          </reporter-output>
        </test-method> <!-- verify_NewProjectDetailsPanel -->
        <test-method is-config="true" signature="tearUp()[pri:0, instance:com.awt.test.Admin.CreateProject.AdminCreatePageTest@6ae5aa72]" started-at="2024-07-25T17:06:29 IST" name="tearUp" finished-at="2024-07-25T17:06:30 IST" duration-ms="356" status="PASS">
          <reporter-output>
          </reporter-output>
        </test-method> <!-- tearUp -->
      </class> <!-- com.awt.test.Admin.CreateProject.AdminCreatePageTest -->
    </test> <!-- Test -->
  </suite> <!-- Demo -->
</testng-results>
