<?xml version="1.0" encoding="UTF-8"?>
<!-- Generated by org.testng.reporters.JUnitReportReporter -->
<testsuite hostname="AWT_Tester" failures="0" tests="3" name="com.awt.test.Home.VerifyPanelsQuantityTest" time="49.293" errors="1" timestamp="2024-06-08T14:10:02 IST" skipped="2">
  <testcase classname="com.awt.test.Home.VerifyPanelsQuantityTest" name="verfiyPanelsQuantityTest" time="14.346">
    <skipped/>
  </testcase> <!-- verfiyPanelsQuantityTest -->
  <testcase classname="com.awt.test.Home.VerifyPanelsQuantityTest" name="verfiyPanelsQuantityTest" time="22.134">
    <error message="For input string: &quot;&quot;" type="java.lang.NumberFormatException">
      <![CDATA[java.lang.NumberFormatException: For input string: ""
at java.base/java.lang.NumberFormatException.forInputString(NumberFormatException.java:67)
at java.base/java.lang.Integer.parseInt(Integer.java:678)
at java.base/java.lang.Integer.parseInt(Integer.java:786)
at com.awt.utills.reusablecomponents.AwtUtilities.removeAllAlphabets(AwtUtilities.java:57)
at com.awt.page.Home.HomePage.getCountOfSpecifiedPanels(HomePage.java:62)
at com.awt.test.Home.VerifyPanelsQuantityTest.verfiyPanelsQuantityTest(VerifyPanelsQuantityTest.java:38)
at java.base/jdk.internal.reflect.NativeMethodAccessorImpl.invoke0(Native Method)
at java.base/jdk.internal.reflect.NativeMethodAccessorImpl.invoke(NativeMethodAccessorImpl.java:77)
at java.base/jdk.internal.reflect.DelegatingMethodAccessorImpl.invoke(DelegatingMethodAccessorImpl.java:43)
at java.base/java.lang.reflect.Method.invoke(Method.java:568)
at org.testng.internal.invokers.MethodInvocationHelper.invokeMethod(MethodInvocationHelper.java:139)
at org.testng.internal.invokers.TestInvoker.invokeMethod(TestInvoker.java:664)
at org.testng.internal.invokers.TestInvoker.retryFailed(TestInvoker.java:248)
at org.testng.internal.invokers.MethodRunner.runInSequence(MethodRunner.java:62)
at org.testng.internal.invokers.TestInvoker$MethodInvocationAgent.invoke(TestInvoker.java:957)
at org.testng.internal.invokers.TestInvoker.invokeTestMethods(TestInvoker.java:200)
at org.testng.internal.invokers.TestMethodWorker.invokeTestMethods(TestMethodWorker.java:148)
at org.testng.internal.invokers.TestMethodWorker.run(TestMethodWorker.java:128)
at java.base/java.util.concurrent.ThreadPoolExecutor.runWorker(ThreadPoolExecutor.java:1136)
at java.base/java.util.concurrent.ThreadPoolExecutor$Worker.run(ThreadPoolExecutor.java:635)
at java.base/java.lang.Thread.run(Thread.java:842)
]]>
    </error>
  </testcase> <!-- verfiyPanelsQuantityTest -->
  <testcase classname="com.awt.test.Home.VerifyPanelsQuantityTest" name="verfiyPanelsQuantityTest" time="12.813">
    <skipped/>
  </testcase> <!-- verfiyPanelsQuantityTest -->
</testsuite> <!-- com.awt.test.Home.VerifyPanelsQuantityTest -->
